<?xml version="1.0" encoding="UTF-8"?>
<testsuite name="com.uplus.domain.DomainApplicationTests" tests="1" skipped="0" failures="0" errors="0" timestamp="2022-03-30T14:39:39" hostname="IKHOONSHIN" time="1.061">
  <properties/>
  <testcase name="contextLoads()" classname="com.uplus.domain.DomainApplicationTests" time="1.061"/>
  <system-out><![CDATA[23:39:34.903 [Test worker] DEBUG org.springframework.test.context.BootstrapUtils - Instantiating CacheAwareContextLoaderDelegate from class [org.springframework.test.context.cache.DefaultCacheAwareContextLoaderDelegate]
23:39:34.933 [Test worker] DEBUG org.springframework.test.context.BootstrapUtils - Instantiating BootstrapContext using constructor [public org.springframework.test.context.support.DefaultBootstrapContext(java.lang.Class,org.springframework.test.context.CacheAwareContextLoaderDelegate)]
23:39:35.001 [Test worker] DEBUG org.springframework.test.context.BootstrapUtils - Instantiating TestContextBootstrapper for test class [com.uplus.domain.DomainApplicationTests] from class [org.springframework.boot.test.context.SpringBootTestContextBootstrapper]
23:39:35.032 [Test worker] INFO org.springframework.boot.test.context.SpringBootTestContextBootstrapper - Neither @ContextConfiguration nor @ContextHierarchy found for test class [com.uplus.domain.DomainApplicationTests], using SpringBootContextLoader
23:39:35.039 [Test worker] DEBUG org.springframework.test.context.support.AbstractContextLoader - Did not detect default resource location for test class [com.uplus.domain.DomainApplicationTests]: class path resource [com/uplus/domain/DomainApplicationTests-context.xml] does not exist
23:39:35.040 [Test worker] DEBUG org.springframework.test.context.support.AbstractContextLoader - Did not detect default resource location for test class [com.uplus.domain.DomainApplicationTests]: class path resource [com/uplus/domain/DomainApplicationTestsContext.groovy] does not exist
23:39:35.041 [Test worker] INFO org.springframework.test.context.support.AbstractContextLoader - Could not detect default resource locations for test class [com.uplus.domain.DomainApplicationTests]: no resource found for suffixes {-context.xml, Context.groovy}.
23:39:35.042 [Test worker] INFO org.springframework.test.context.support.AnnotationConfigContextLoaderUtils - Could not detect default configuration classes for test class [com.uplus.domain.DomainApplicationTests]: DomainApplicationTests does not declare any static, non-private, non-final, nested classes annotated with @Configuration.
23:39:35.167 [Test worker] DEBUG org.springframework.test.context.support.ActiveProfilesUtils - Could not find an 'annotation declaring class' for annotation type [org.springframework.test.context.ActiveProfiles] and class [com.uplus.domain.DomainApplicationTests]
23:39:35.303 [Test worker] DEBUG org.springframework.context.annotation.ClassPathScanningCandidateComponentProvider - Identified candidate component class: file [C:\Users\Ikhoon Shin\toyproject_Uplus\domain\build\classes\java\main\com\uplus\domain\DomainApplication.class]
23:39:35.304 [Test worker] INFO org.springframework.boot.test.context.SpringBootTestContextBootstrapper - Found @SpringBootConfiguration com.uplus.domain.DomainApplication for test class com.uplus.domain.DomainApplicationTests
23:39:35.538 [Test worker] DEBUG org.springframework.boot.test.context.SpringBootTestContextBootstrapper - @TestExecutionListeners is not present for class [com.uplus.domain.DomainApplicationTests]: using defaults.
23:39:35.539 [Test worker] INFO org.springframework.boot.test.context.SpringBootTestContextBootstrapper - Loaded default TestExecutionListener class names from location [META-INF/spring.factories]: [org.springframework.boot.test.autoconfigure.restdocs.RestDocsTestExecutionListener, org.springframework.boot.test.autoconfigure.web.client.MockRestServiceServerResetTestExecutionListener, org.springframework.boot.test.autoconfigure.web.servlet.MockMvcPrintOnlyOnFailureTestExecutionListener, org.springframework.boot.test.autoconfigure.web.servlet.WebDriverTestExecutionListener, org.springframework.boot.test.autoconfigure.webservices.client.MockWebServiceServerTestExecutionListener, org.springframework.boot.test.mock.mockito.MockitoTestExecutionListener, org.springframework.boot.test.mock.mockito.ResetMocksTestExecutionListener, org.springframework.test.context.web.ServletTestExecutionListener, org.springframework.test.context.support.DirtiesContextBeforeModesTestExecutionListener, org.springframework.test.context.event.ApplicationEventsTestExecutionListener, org.springframework.test.context.support.DependencyInjectionTestExecutionListener, org.springframework.test.context.support.DirtiesContextTestExecutionListener, org.springframework.test.context.transaction.TransactionalTestExecutionListener, org.springframework.test.context.jdbc.SqlScriptsTestExecutionListener, org.springframework.test.context.event.EventPublishingTestExecutionListener]
23:39:35.581 [Test worker] INFO org.springframework.boot.test.context.SpringBootTestContextBootstrapper - Using TestExecutionListeners: [org.springframework.test.context.web.ServletTestExecutionListener@1d572e62, org.springframework.test.context.support.DirtiesContextBeforeModesTestExecutionListener@29caf222, org.springframework.test.context.event.ApplicationEventsTestExecutionListener@46cf05f7, org.springframework.boot.test.mock.mockito.MockitoTestExecutionListener@5851bd4f, org.springframework.boot.test.autoconfigure.SpringBootDependencyInjectionTestExecutionListener@7cd1ac19, org.springframework.test.context.support.DirtiesContextTestExecutionListener@2f40a43, org.springframework.test.context.transaction.TransactionalTestExecutionListener@3caa4757, org.springframework.test.context.jdbc.SqlScriptsTestExecutionListener@69c43e48, org.springframework.test.context.event.EventPublishingTestExecutionListener@1804f60d, org.springframework.boot.test.autoconfigure.restdocs.RestDocsTestExecutionListener@3a80515c, org.springframework.boot.test.autoconfigure.web.client.MockRestServiceServerResetTestExecutionListener@547e29a4, org.springframework.boot.test.autoconfigure.web.servlet.MockMvcPrintOnlyOnFailureTestExecutionListener@1c807b1d, org.springframework.boot.test.autoconfigure.web.servlet.WebDriverTestExecutionListener@238b521e, org.springframework.boot.test.autoconfigure.webservices.client.MockWebServiceServerTestExecutionListener@1b39fd82, org.springframework.boot.test.mock.mockito.ResetMocksTestExecutionListener@3e2fc448]
23:39:35.588 [Test worker] DEBUG org.springframework.test.context.support.AbstractDirtiesContextTestExecutionListener - Before test class: context [DefaultTestContext@4d157787 testClass = DomainApplicationTests, testInstance = [null], testMethod = [null], testException = [null], mergedContextConfiguration = [WebMergedContextConfiguration@68ed96ca testClass = DomainApplicationTests, locations = '{}', classes = '{class com.uplus.domain.DomainApplication}', contextInitializerClasses = '[]', activeProfiles = '{}', propertySourceLocations = '{}', propertySourceProperties = '{org.springframework.boot.test.context.SpringBootTestContextBootstrapper=true}', contextCustomizers = set[org.springframework.boot.test.autoconfigure.actuate.metrics.MetricsExportContextCustomizerFactory$DisableMetricExportContextCustomizer@5dd91bca, org.springframework.boot.test.autoconfigure.properties.PropertyMappingContextCustomizer@0, org.springframework.boot.test.autoconfigure.web.servlet.WebDriverContextCustomizerFactory$Customizer@7c209437, org.springframework.boot.test.context.filter.ExcludeFilterContextCustomizer@4febb875, org.springframework.boot.test.json.DuplicateJsonObjectContextCustomizerFactory$DuplicateJsonObjectContextCustomizer@10c626be, org.springframework.boot.test.mock.mockito.MockitoContextCustomizer@0, org.springframework.boot.test.web.client.TestRestTemplateContextCustomizer@19ae6bb, org.springframework.boot.test.context.SpringBootTestArgs@1, org.springframework.boot.test.context.SpringBootTestWebEnvironment@6b0d80ed], resourceBasePath = 'src/main/webapp', contextLoader = 'org.springframework.boot.test.context.SpringBootContextLoader', parent = [null]], attributes = map['org.springframework.test.context.web.ServletTestExecutionListener.activateListener' -> true]], class annotated with @DirtiesContext [false] with mode [null].
2022-03-30 23:39:36.222  INFO 50180 --- [    Test worker] o.s.nativex.NativeListener               : AOT mode disabled

  .   ____          _            __ _ _
 /\\ / ___'_ __ _ _(_)_ __  __ _ \ \ \ \
( ( )\___ | '_ | '_| | '_ \/ _` | \ \ \ \
 \\/  ___)| |_)| | | | | || (_| |  ) ) ) )
  '  |____| .__|_| |_|_| |_\__, | / / / /
 =========|_|==============|___/=/_/_/_/
 :: Spring Boot ::                (v2.6.5)

2022-03-30 23:39:36.388  INFO 50180 --- [    Test worker] com.uplus.domain.DomainApplicationTests  : Starting DomainApplicationTests using Java 11.0.13 on IKHOONSHIN with PID 50180 (started by Ikhoon Shin in C:\Users\Ikhoon Shin\toyproject_Uplus\domain)
2022-03-30 23:39:36.391  INFO 50180 --- [    Test worker] com.uplus.domain.DomainApplicationTests  : No active profile set, falling back to 1 default profile: "default"
2022-03-30 23:39:39.231  INFO 50180 --- [    Test worker] o.s.b.a.w.s.WelcomePageHandlerMapping    : Adding welcome page: class path resource [static/index.html]
2022-03-30 23:39:39.839  INFO 50180 --- [    Test worker] com.uplus.domain.DomainApplicationTests  : Started DomainApplicationTests in 4.167 seconds (JVM running for 7.499)
]]></system-out>
  <system-err><![CDATA[]]></system-err>
</testsuite>
