<?xml version="1.0" encoding="UTF-8"?>
<testsuite name="com.uplus.domain.DomainApplicationTests" tests="1" skipped="0" failures="0" errors="0" timestamp="2022-04-16T12:29:07" hostname="woohkui-iPad.localdomain" time="0.424">
  <properties/>
  <testcase name="contextLoads()" classname="com.uplus.domain.DomainApplicationTests" time="0.424"/>
  <system-out><![CDATA[21:29:02.321 [Test worker] DEBUG org.springframework.test.context.BootstrapUtils - Instantiating CacheAwareContextLoaderDelegate from class [org.springframework.test.context.cache.DefaultCacheAwareContextLoaderDelegate]
21:29:02.347 [Test worker] DEBUG org.springframework.test.context.BootstrapUtils - Instantiating BootstrapContext using constructor [public org.springframework.test.context.support.DefaultBootstrapContext(java.lang.Class,org.springframework.test.context.CacheAwareContextLoaderDelegate)]
21:29:02.510 [Test worker] DEBUG org.springframework.test.context.BootstrapUtils - Instantiating TestContextBootstrapper for test class [com.uplus.domain.DomainApplicationTests] from class [org.springframework.boot.test.context.SpringBootTestContextBootstrapper]
21:29:02.637 [Test worker] INFO org.springframework.boot.test.context.SpringBootTestContextBootstrapper - Neither @ContextConfiguration nor @ContextHierarchy found for test class [com.uplus.domain.DomainApplicationTests], using SpringBootContextLoader
21:29:02.658 [Test worker] DEBUG org.springframework.test.context.support.AbstractContextLoader - Did not detect default resource location for test class [com.uplus.domain.DomainApplicationTests]: class path resource [com/uplus/domain/DomainApplicationTests-context.xml] does not exist
21:29:02.663 [Test worker] DEBUG org.springframework.test.context.support.AbstractContextLoader - Did not detect default resource location for test class [com.uplus.domain.DomainApplicationTests]: class path resource [com/uplus/domain/DomainApplicationTestsContext.groovy] does not exist
21:29:02.666 [Test worker] INFO org.springframework.test.context.support.AbstractContextLoader - Could not detect default resource locations for test class [com.uplus.domain.DomainApplicationTests]: no resource found for suffixes {-context.xml, Context.groovy}.
21:29:02.668 [Test worker] INFO org.springframework.test.context.support.AnnotationConfigContextLoaderUtils - Could not detect default configuration classes for test class [com.uplus.domain.DomainApplicationTests]: DomainApplicationTests does not declare any static, non-private, non-final, nested classes annotated with @Configuration.
21:29:02.812 [Test worker] DEBUG org.springframework.test.context.support.ActiveProfilesUtils - Could not find an 'annotation declaring class' for annotation type [org.springframework.test.context.ActiveProfiles] and class [com.uplus.domain.DomainApplicationTests]
21:29:03.008 [Test worker] DEBUG org.springframework.context.annotation.ClassPathScanningCandidateComponentProvider - Identified candidate component class: file [/Users/simseongbo/Downloads/toyproject_Uplus/domain/build/classes/java/main/com/uplus/domain/DomainApplication.class]
21:29:03.010 [Test worker] INFO org.springframework.boot.test.context.SpringBootTestContextBootstrapper - Found @SpringBootConfiguration com.uplus.domain.DomainApplication for test class com.uplus.domain.DomainApplicationTests
21:29:03.578 [Test worker] DEBUG org.springframework.boot.test.context.SpringBootTestContextBootstrapper - @TestExecutionListeners is not present for class [com.uplus.domain.DomainApplicationTests]: using defaults.
21:29:03.579 [Test worker] INFO org.springframework.boot.test.context.SpringBootTestContextBootstrapper - Loaded default TestExecutionListener class names from location [META-INF/spring.factories]: [org.springframework.boot.test.autoconfigure.restdocs.RestDocsTestExecutionListener, org.springframework.boot.test.autoconfigure.web.client.MockRestServiceServerResetTestExecutionListener, org.springframework.boot.test.autoconfigure.web.servlet.MockMvcPrintOnlyOnFailureTestExecutionListener, org.springframework.boot.test.autoconfigure.web.servlet.WebDriverTestExecutionListener, org.springframework.boot.test.autoconfigure.webservices.client.MockWebServiceServerTestExecutionListener, org.springframework.boot.test.mock.mockito.MockitoTestExecutionListener, org.springframework.boot.test.mock.mockito.ResetMocksTestExecutionListener, org.springframework.test.context.web.ServletTestExecutionListener, org.springframework.test.context.support.DirtiesContextBeforeModesTestExecutionListener, org.springframework.test.context.event.ApplicationEventsTestExecutionListener, org.springframework.test.context.support.DependencyInjectionTestExecutionListener, org.springframework.test.context.support.DirtiesContextTestExecutionListener, org.springframework.test.context.transaction.TransactionalTestExecutionListener, org.springframework.test.context.jdbc.SqlScriptsTestExecutionListener, org.springframework.test.context.event.EventPublishingTestExecutionListener]
21:29:03.643 [Test worker] INFO org.springframework.boot.test.context.SpringBootTestContextBootstrapper - Using TestExecutionListeners: [org.springframework.test.context.web.ServletTestExecutionListener@e3cee7b, org.springframework.test.context.support.DirtiesContextBeforeModesTestExecutionListener@71e9a896, org.springframework.test.context.event.ApplicationEventsTestExecutionListener@6b9267b, org.springframework.boot.test.mock.mockito.MockitoTestExecutionListener@408b35bf, org.springframework.boot.test.autoconfigure.SpringBootDependencyInjectionTestExecutionListener@29ad44e3, org.springframework.test.context.support.DirtiesContextTestExecutionListener@15bcf458, org.springframework.test.context.transaction.TransactionalTestExecutionListener@5af9926a, org.springframework.test.context.jdbc.SqlScriptsTestExecutionListener@43c67247, org.springframework.test.context.event.EventPublishingTestExecutionListener@fac80, org.springframework.boot.test.autoconfigure.restdocs.RestDocsTestExecutionListener@726386ed, org.springframework.boot.test.autoconfigure.web.client.MockRestServiceServerResetTestExecutionListener@649f2009, org.springframework.boot.test.autoconfigure.web.servlet.MockMvcPrintOnlyOnFailureTestExecutionListener@14bb2297, org.springframework.boot.test.autoconfigure.web.servlet.WebDriverTestExecutionListener@69adf72c, org.springframework.boot.test.autoconfigure.webservices.client.MockWebServiceServerTestExecutionListener@797501a, org.springframework.boot.test.mock.mockito.ResetMocksTestExecutionListener@1a15b789]
21:29:03.662 [Test worker] DEBUG org.springframework.test.context.support.AbstractDirtiesContextTestExecutionListener - Before test class: context [DefaultTestContext@3e587920 testClass = DomainApplicationTests, testInstance = [null], testMethod = [null], testException = [null], mergedContextConfiguration = [WebMergedContextConfiguration@2ef8a8c3 testClass = DomainApplicationTests, locations = '{}', classes = '{class com.uplus.domain.DomainApplication}', contextInitializerClasses = '[]', activeProfiles = '{}', propertySourceLocations = '{}', propertySourceProperties = '{org.springframework.boot.test.context.SpringBootTestContextBootstrapper=true}', contextCustomizers = set[org.springframework.boot.test.autoconfigure.actuate.metrics.MetricsExportContextCustomizerFactory$DisableMetricExportContextCustomizer@3d3ba765, org.springframework.boot.test.autoconfigure.properties.PropertyMappingContextCustomizer@0, org.springframework.boot.test.autoconfigure.web.servlet.WebDriverContextCustomizerFactory$Customizer@11981797, org.springframework.boot.test.context.filter.ExcludeFilterContextCustomizer@40f70521, org.springframework.boot.test.json.DuplicateJsonObjectContextCustomizerFactory$DuplicateJsonObjectContextCustomizer@a4ca3f6, org.springframework.boot.test.mock.mockito.MockitoContextCustomizer@0, org.springframework.boot.test.web.client.TestRestTemplateContextCustomizer@20f12539, org.springframework.boot.test.context.SpringBootTestArgs@1, org.springframework.boot.test.context.SpringBootTestWebEnvironment@147e2ae7], resourceBasePath = 'src/main/webapp', contextLoader = 'org.springframework.boot.test.context.SpringBootContextLoader', parent = [null]], attributes = map['org.springframework.test.context.web.ServletTestExecutionListener.activateListener' -> true]], class annotated with @DirtiesContext [false] with mode [null].
2022-04-16 21:29:04.549  INFO 26732 --- [    Test worker] o.s.nativex.NativeListener               : AOT mode disabled

  .   ____          _            __ _ _
 /\\ / ___'_ __ _ _(_)_ __  __ _ \ \ \ \
( ( )\___ | '_ | '_| | '_ \/ _` | \ \ \ \
 \\/  ___)| |_)| | | | | || (_| |  ) ) ) )
  '  |____| .__|_| |_|_| |_\__, | / / / /
 =========|_|==============|___/=/_/_/_/
 :: Spring Boot ::                (v2.6.5)

2022-04-16 21:29:04.740  INFO 26732 --- [    Test worker] com.uplus.domain.DomainApplicationTests  : Starting DomainApplicationTests using Java 11.0.8 on woohkui-iPad.localdomain with PID 26732 (started by simseongbo in /Users/simseongbo/Downloads/toyproject_Uplus/domain)
2022-04-16 21:29:04.742  INFO 26732 --- [    Test worker] com.uplus.domain.DomainApplicationTests  : No active profile set, falling back to 1 default profile: "default"
2022-04-16 21:29:07.616  INFO 26732 --- [    Test worker] o.s.b.a.w.s.WelcomePageHandlerMapping    : Adding welcome page: class path resource [static/index.html]
2022-04-16 21:29:07.909  INFO 26732 --- [    Test worker] com.uplus.domain.DomainApplicationTests  : Started DomainApplicationTests in 4.079 seconds (JVM running for 7.069)
]]></system-out>
  <system-err><![CDATA[]]></system-err>
</testsuite>
